2020-01-23 19:31:22.805  INFO 25619 --- [main] lavalink.server.Launcher                 : 

[32m       .  [31m _                  _ _       _    [32m__ _ _
[32m      /\\ [31m| | __ ___   ____ _| (_)_ __ | | __[32m\ \ \ \
[32m     ( ( )[31m| |/ _` \ \ / / _` | | | '_ \| |/ /[32m \ \ \ \
[32m      \\/ [31m| | (_| |\ V / (_| | | | | | |   < [32m  ) ) ) )
[32m       '  [31m|_|\__,_| \_/ \__,_|_|_|_| |_|_|\_\[32m / / / /
[0m    =========================================[32m/_/_/_/[0m

	Version:        4f53d09491ba5254eb5c55c234a63b208388d3ef-SNAPSHOT
	Build:          965
	Build time:     28.12.2019 17:02:58 UTC
	Branch          master
	Commit:         4f53d09
	Commit time:    28.12.2019 17:00:51 UTC
	JVM:            11.0.6
	Lavaplayer      1.3.32

2020-01-23 19:31:23.156  INFO 25619 --- [main] lavalink.server.Launcher                 : Starting Launcher on mikengo-HP-EliteDesk-800-G1-USDT with PID 25619 (/media/mikengo/C8D1-0485/Private/DiscordBot/Python/Discord-Bot-Python/Discord/lib/Lavalink3.3/Lavalink.jar started by mikengo in /media/mikengo/C8D1-0485/Private/DiscordBot/Python/Discord-Bot-Python/Discord/lib/Lavalink3.3)
2020-01-23 19:31:23.157  INFO 25619 --- [main] lavalink.server.Launcher                 : No active profile set, falling back to default profiles: default
2020-01-23 19:31:23.306  WARN 25619 --- [background-preinit] o.s.h.c.j.Jackson2ObjectMapperBuilder    : For Jackson Kotlin classes support please add "com.fasterxml.jackson.module:jackson-module-kotlin" to the classpath
2020-01-23 19:31:24.891  WARN 25619 --- [main] io.undertow.websockets.jsr               : UT026010: Buffer pool was not set on WebSocketDeploymentInfo, the default pool will be used
2020-01-23 19:31:24.941  INFO 25619 --- [main] io.undertow.servlet                      : Initializing Spring embedded WebApplicationContext
2020-01-23 19:31:24.942  INFO 25619 --- [main] o.s.web.context.ContextLoader            : Root WebApplicationContext: initialization completed in 1699 ms
2020-01-23 19:31:25.527  WARN 25619 --- [main] l.server.config.SentryConfiguration      : Turning off sentry
2020-01-23 19:31:25.548  INFO 25619 --- [main] l.s.c.AudioSendFactoryConfiguration      : OS: Linux, Arch: amd64
2020-01-23 19:31:25.548  INFO 25619 --- [main] l.s.c.AudioSendFactoryConfiguration      : JDA-NAS supported system detected. Enabled native audio sending.
2020-01-23 19:31:25.549  INFO 25619 --- [main] l.s.c.AudioSendFactoryConfiguration      : Setting buffer to 400ms
2020-01-23 19:31:25.550  INFO 25619 --- [main] l.s.c.AudioSendFactoryConfiguration      : Setting playlist load limit to 6
2020-01-23 19:31:26.094  INFO 25619 --- [main] c.s.d.l.tools.GarbageCollectionMonitor   : GC monitoring enabled, reporting results every 2 minutes.
2020-01-23 19:31:26.566  INFO 25619 --- [main] o.s.s.concurrent.ThreadPoolTaskExecutor  : Initializing ExecutorService 'applicationTaskExecutor'
2020-01-23 19:31:26.916  INFO 25619 --- [main] org.xnio                                 : XNIO version 3.3.8.Final
2020-01-23 19:31:26.932  INFO 25619 --- [main] org.xnio.nio                             : XNIO NIO Implementation Version 3.3.8.Final
2020-01-23 19:31:27.030  INFO 25619 --- [main] o.s.b.w.e.u.UndertowServletWebServer     : Undertow started on port(s) 2333 (http) with context path ''
2020-01-23 19:31:27.034  INFO 25619 --- [main] lavalink.server.Launcher                 : Started Launcher in 4.911 seconds (JVM running for 5.893)
2020-01-23 19:32:26.008  INFO 25619 --- [XNIO-1 task-1] io.undertow.servlet                      : Initializing Spring DispatcherServlet 'dispatcherServlet'
2020-01-23 19:32:26.009  INFO 25619 --- [XNIO-1 task-1] o.s.web.servlet.DispatcherServlet        : Initializing Servlet 'dispatcherServlet'
2020-01-23 19:32:26.016  INFO 25619 --- [XNIO-1 task-1] o.s.web.servlet.DispatcherServlet        : Completed initialization in 6 ms
2020-01-23 19:32:26.051  INFO 25619 --- [XNIO-1 task-1] l.server.io.HandshakeInterceptorImpl     : Incoming connection from /127.0.0.1:60954
2020-01-23 19:32:26.135  INFO 25619 --- [XNIO-1 task-1] c.s.d.l.tools.GarbageCollectionMonitor   : GC monitoring enabled, reporting results every 2 minutes.
2020-01-23 19:32:26.250  INFO 25619 --- [XNIO-1 task-1] lavalink.server.io.SocketServer          : Connection successfully established from /127.0.0.1:60954
2020-01-23 19:32:28.556  INFO 25619 --- [XNIO-1 I/O-2] lavalink.server.io.SocketServer          : {"op": "equalizer", "guildId": "644336990698995712", "bands": [{"band": 0, "gain": 0.0}, {"band": 1, "gain": 0.0}, {"band": 2, "gain": 0.0}, {"band": 3, "gain": 0.0}, {"band": 4, "gain": 0.0}, {"band": 5, "gain": 0.0}, {"band": 6, "gain": 0.0}, {"band": 7, "gain": 0.0}, {"band": 8, "gain": 0.0}, {"band": 9, "gain": 0.0}, {"band": 10, "gain": 0.0}, {"band": 11, "gain": 0.0}, {"band": 12, "gain": 0.0}, {"band": 13, "gain": 0.0}, {"band": 14, "gain": 0.0}]}
2020-01-23 19:32:28.580  INFO 25619 --- [XNIO-1 I/O-2] lavalink.server.io.SocketServer          : {"op": "volume", "guildId": "644336990698995712", "volume": 100}
2020-01-23 19:32:28.583  INFO 25619 --- [XNIO-1 task-2] l.server.player.AudioLoaderRestHandler   : GET /loadtracks
2020-01-23 19:32:28.780  INFO 25619 --- [XNIO-1 I/O-2] lavalink.server.io.SocketServer          : {"op": "voiceUpdate", "guildId": "644336990698995712", "sessionId": "d54e52b833f4ae2902c8beccf689b051", "event": {"token": "88d3bc38dfd87a0f", "guild_id": "644336990698995712", "endpoint": "us-west608.discord.media:80"}}
2020-01-23 19:32:29.837  INFO 25619 --- [lava-daemon-pool-info-loader-2-thread-1] lavalink.server.player.AudioLoader       : Loaded playlist Assassin's Creed: Revelations - Complete Soundtrack
2020-01-23 19:32:29.886  INFO 25619 --- [XNIO-1 I/O-2] lavalink.server.io.SocketServer          : {"op": "play", "guildId": "644336990698995712", "track": "QAAAzAIAXUFzc2Fzc2lucyBDcmVlZDogUmV2ZWxhdGlvbnMgKFRoZSBDb21wbGV0ZSBSZWNvcmRpbmdzKSBPU1QgLSBBc3Nhc3NpbnMgQ3JlZWQgVGhlbWUgKFRyYWNrIDAxKQAVVWJpc29mdCBNdXNpYyBVQklMT1VEAAAAAAAEVWAACzJLbmRERFFadmVRAAEAK2h0dHBzOi8vd3d3LnlvdXR1YmUuY29tL3dhdGNoP3Y9MktuZEREUVp2ZVEAB3lvdXR1YmUAAAAAAAAAAA==", "noReplace": false}
2020-01-23 19:37:14.198  INFO 25619 --- [XNIO-1 I/O-2] lavalink.server.io.SocketServer          : {"op": "play", "guildId": "644336990698995712", "track": "QAAAzAIAXUFzc2Fzc2lucyBDcmVlZDogUmV2ZWxhdGlvbnMgKFRoZSBDb21wbGV0ZSBSZWNvcmRpbmdzKSBPU1QgLSBBc3Nhc3NpbnMgQ3JlZWQgVGhlbWUgKFRyYWNrIDAxKQAVVWJpc29mdCBNdXNpYyBVQklMT1VEAAAAAAAEVWAACzJLbmRERFFadmVRAAEAK2h0dHBzOi8vd3d3LnlvdXR1YmUuY29tL3dhdGNoP3Y9MktuZEREUVp2ZVEAB3lvdXR1YmUAAAAAAAAAAA==", "noReplace": false}
2020-01-23 19:37:48.622  INFO 25619 --- [parallel-4] s.n.m.impl.connections.AudioWebSocket    : Websocket to wss://us-west608.discord.media/?v=4 closed with code 4014 and reason Disconnected.
2020-01-23 19:37:48.622  INFO 25619 --- [parallel-4] s.n.m.impl.connections.AudioWebSocket    : Closing
2020-01-23 19:38:56.137  INFO 25619 --- [XNIO-1 I/O-2] lavalink.server.io.SocketServer          : {"op": "play", "guildId": "644336990698995712", "track": "QAAAxQIAVkFzc2Fzc2luJ3MgQ3JlZWQgUmV2ZWxhdGlvbnMgKFRoZSBDb21wbGV0ZSBSZWNvcmRpbmdzKSBPU1QgLSBBbmltdXMgSXNsYW5kICAoVHJhY2sgMDIpABVVYmlzb2Z0IE11c2ljIFVCSUxPVUQAAAAAAAKnsAALY3d6YmVXMWtuVW8AAQAraHR0cHM6Ly93d3cueW91dHViZS5jb20vd2F0Y2g/dj1jd3piZVcxa25VbwAHeW91dHViZQAAAAAAAAAA", "noReplace": false}
2020-01-23 19:40:06.136  INFO 25619 --- [XNIO-1 I/O-2] lavalink.server.io.SocketServer          : {"op": "play", "guildId": "644336990698995712", "track": "QAAAywIAXEFzc2Fzc2luJ3MgQ3JlZWQgUmV2ZWxhdGlvbnMgKFRoZSBDb21wbGV0ZSBSZWNvcmRpbmdzKSBPU1QgLSBUaGUgUm9hZCB0byBNYXN5c2FmICAoVHJhY2sgMDMpABVVYmlzb2Z0IE11c2ljIFVCSUxPVUQAAAAAAAKzaAALS3NsdlUwWnRuWm8AAQAraHR0cHM6Ly93d3cueW91dHViZS5jb20vd2F0Y2g/dj1Lc2x2VTBadG5abwAHeW91dHViZQAAAAAAAAAA", "noReplace": false}
2020-01-23 19:41:16.136  INFO 25619 --- [XNIO-1 I/O-2] lavalink.server.io.SocketServer          : {"op": "play", "guildId": "644336990698995712", "track": "QAAAyAIAWUFzc2Fzc2luJ3MgQ3JlZWQgUmV2ZWxhdGlvbnMgKFRoZSBDb21wbGV0ZSBSZWNvcmRpbmdzKSBPU1QgLSBUaGUgV291bmRlZCBFYWdsZSAoVHJhY2sgMDQpABVVYmlzb2Z0IE11c2ljIFVCSUxPVUQAAAAAAAHgeAALM3pMZ1FHRVJLNzgAAQAraHR0cHM6Ly93d3cueW91dHViZS5jb20vd2F0Y2g/dj0zekxnUUdFUks3OAAHeW91dHViZQAAAAAAAAAA", "noReplace": false}
2020-01-23 19:41:25.988  INFO 25619 --- [XNIO-1 task-4] l.server.player.AudioLoaderRestHandler   : GET /loadtracks
2020-01-23 19:41:26.208  INFO 25619 --- [XNIO-1 I/O-2] lavalink.server.io.SocketServer          : {"op": "voiceUpdate", "guildId": "644336990698995712", "sessionId": "d54e52b833f4ae2902c8beccf689b051", "event": {"token": "249fed5ade6e6681", "guild_id": "644336990698995712", "endpoint": "us-west608.discord.media:80"}}
2020-01-23 19:41:26.652  INFO 25619 --- [lava-daemon-pool-info-loader-2-thread-1] lavalink.server.player.AudioLoader       : Loaded track Assassin’s Creed Revelations - The Complete Recordings OST
2020-01-23 19:41:46.326  INFO 25619 --- [XNIO-1 I/O-2] lavalink.server.io.SocketServer          : {"op": "stop", "guildId": "644336990698995712"}
2020-01-23 19:41:46.327  INFO 25619 --- [XNIO-1 I/O-2] lavalink.server.io.SocketServer          : {"op": "play", "guildId": "644336990698995712", "track": "QAAAyAIAWUFzc2Fzc2luJ3MgQ3JlZWQgUmV2ZWxhdGlvbnMgKFRoZSBDb21wbGV0ZSBSZWNvcmRpbmdzKSBPU1QgLSBUaGUgV291bmRlZCBFYWdsZSAoVHJhY2sgMDQpABVVYmlzb2Z0IE11c2ljIFVCSUxPVUQAAAAAAAHgeAALM3pMZ1FHRVJLNzgAAQAraHR0cHM6Ly93d3cueW91dHViZS5jb20vd2F0Y2g/dj0zekxnUUdFUks3OAAHeW91dHViZQAAAAAAAAAA", "noReplace": false}
2020-01-23 19:41:55.772  INFO 25619 --- [parallel-3] s.n.m.impl.connections.AudioWebSocket    : Websocket to wss://us-west608.discord.media/?v=4 closed with code 4014 and reason Disconnected.
2020-01-23 19:41:55.773  INFO 25619 --- [parallel-3] s.n.m.impl.connections.AudioWebSocket    : Closing
2020-01-23 19:42:39.290  INFO 25619 --- [XNIO-1 task-6] l.server.player.AudioLoaderRestHandler   : GET /loadtracks
2020-01-23 19:42:39.439  INFO 25619 --- [XNIO-1 I/O-2] lavalink.server.io.SocketServer          : {"op": "voiceUpdate", "guildId": "644336990698995712", "sessionId": "d54e52b833f4ae2902c8beccf689b051", "event": {"token": "42e3eef56cbedf14", "guild_id": "644336990698995712", "endpoint": "us-west608.discord.media:80"}}
2020-01-23 19:42:39.928  INFO 25619 --- [lava-daemon-pool-info-loader-2-thread-1] lavalink.server.player.AudioLoader       : Loaded track Assassin’s Creed Revelations - The Complete Recordings OST
2020-01-23 19:42:43.874  INFO 25619 --- [parallel-2] s.n.m.impl.connections.AudioWebSocket    : Websocket to wss://us-west608.discord.media/?v=4 closed with code 4014 and reason Disconnected.
2020-01-23 19:42:43.874  INFO 25619 --- [parallel-2] s.n.m.impl.connections.AudioWebSocket    : Closing
2020-01-23 19:43:15.509  INFO 25619 --- [XNIO-1 task-8] l.server.player.AudioLoaderRestHandler   : GET /loadtracks
2020-01-23 19:43:15.660  INFO 25619 --- [XNIO-1 I/O-2] lavalink.server.io.SocketServer          : {"op": "voiceUpdate", "guildId": "644336990698995712", "sessionId": "d54e52b833f4ae2902c8beccf689b051", "event": {"token": "63c21b09a2cd73ff", "guild_id": "644336990698995712", "endpoint": "us-west608.discord.media:80"}}
2020-01-23 19:43:16.456  INFO 25619 --- [lava-daemon-pool-info-loader-2-thread-1] lavalink.server.player.AudioLoader       : Loaded track Assassin’s Creed Revelations - The Complete Recordings OST
2020-01-23 19:43:30.002  INFO 25619 --- [parallel-1] s.n.m.impl.connections.AudioWebSocket    : Websocket to wss://us-west608.discord.media/?v=4 closed with code 4014 and reason Disconnected.
2020-01-23 19:43:30.003  INFO 25619 --- [parallel-1] s.n.m.impl.connections.AudioWebSocket    : Closing
2020-01-23 19:43:36.303  INFO 25619 --- [XNIO-1 I/O-2] lavalink.server.io.SocketServer          : Connection closed from /127.0.0.1:60954 -- CloseStatus[code=1006, reason=]
2020-01-23 19:43:36.304  INFO 25619 --- [XNIO-1 I/O-2] lavalink.server.io.SocketContext         : Shutting down 1 playing players.
2020-01-23 19:43:36.305  INFO 25619 --- [XNIO-1 I/O-2] c.s.d.l.tools.GarbageCollectionMonitor   : GC monitoring disabled.
2020-01-23 19:43:36.316  WARN 25619 --- [lava-daemon-pool-playback-5-thread-1] c.s.d.l.t.p.LocalAudioTrackExecutor      : Suspicious exception for playback of 3zLgQGERK78

com.sedmelluq.discord.lavaplayer.tools.FriendlyException: The track was unexpectedly terminated.
	at com.sedmelluq.discord.lavaplayer.track.playback.LocalAudioTrackExecutor.handlePlaybackInterrupt(LocalAudioTrackExecutor.java:334) ~[lavaplayer-1.3.32.jar!/:na]
	at com.sedmelluq.discord.lavaplayer.track.playback.LocalAudioTrackExecutor.executeProcessingLoop(LocalAudioTrackExecutor.java:278) ~[lavaplayer-1.3.32.jar!/:na]
	at com.sedmelluq.discord.lavaplayer.track.playback.LocalAudioTrackExecutor.executeProcessingLoop(LocalAudioTrackExecutor.java:236) ~[lavaplayer-1.3.32.jar!/:na]
	at com.sedmelluq.discord.lavaplayer.container.matroska.MatroskaAudioTrack.process(MatroskaAudioTrack.java:39) ~[lavaplayer-1.3.32.jar!/:na]
	at com.sedmelluq.discord.lavaplayer.track.DelegatedAudioTrack.processDelegate(DelegatedAudioTrack.java:25) ~[lavaplayer-1.3.32.jar!/:na]
	at com.sedmelluq.discord.lavaplayer.source.youtube.YoutubeAudioTrack.processStatic(YoutubeAudioTrack.java:57) ~[lavaplayer-1.3.32.jar!/:na]
	at com.sedmelluq.discord.lavaplayer.source.youtube.YoutubeAudioTrack.process(YoutubeAudioTrack.java:49) ~[lavaplayer-1.3.32.jar!/:na]
	at com.sedmelluq.discord.lavaplayer.track.playback.LocalAudioTrackExecutor.execute(LocalAudioTrackExecutor.java:91) ~[lavaplayer-1.3.32.jar!/:na]
	at com.sedmelluq.discord.lavaplayer.player.DefaultAudioPlayerManager.lambda$executeTrack$1(DefaultAudioPlayerManager.java:349) ~[lavaplayer-1.3.32.jar!/:na]
	at java.base/java.util.concurrent.ThreadPoolExecutor.runWorker(ThreadPoolExecutor.java:1128) ~[na:na]
	at java.base/java.util.concurrent.ThreadPoolExecutor$Worker.run(ThreadPoolExecutor.java:628) ~[na:na]
	at java.base/java.lang.Thread.run(Thread.java:834) ~[na:na]
Caused by: java.lang.InterruptedException: null
	at java.base/java.util.concurrent.locks.AbstractQueuedSynchronizer$ConditionObject.reportInterruptAfterWait(AbstractQueuedSynchronizer.java:2056) ~[na:na]
	at java.base/java.util.concurrent.locks.AbstractQueuedSynchronizer$ConditionObject.await(AbstractQueuedSynchronizer.java:2090) ~[na:na]
	at java.base/java.util.concurrent.ArrayBlockingQueue.put(ArrayBlockingQueue.java:367) ~[na:na]
	at com.sedmelluq.discord.lavaplayer.track.playback.AllocatingAudioFrameBuffer.consume(AllocatingAudioFrameBuffer.java:179) ~[lavaplayer-1.3.32.jar!/:na]
	at com.sedmelluq.discord.lavaplayer.container.common.OpusPacketRouter.passThrough(OpusPacketRouter.java:169) ~[lavaplayer-1.3.32.jar!/:na]
	at com.sedmelluq.discord.lavaplayer.container.common.OpusPacketRouter.process(OpusPacketRouter.java:99) ~[lavaplayer-1.3.32.jar!/:na]
	at com.sedmelluq.discord.lavaplayer.container.matroska.MatroskaOpusTrackConsumer.consume(MatroskaOpusTrackConsumer.java:47) ~[lavaplayer-1.3.32.jar!/:na]
	at com.sedmelluq.discord.lavaplayer.container.matroska.MatroskaStreamingFile.processFrameInBlock(MatroskaStreamingFile.java:372) ~[lavaplayer-1.3.32.jar!/:na]
	at com.sedmelluq.discord.lavaplayer.container.matroska.MatroskaStreamingFile.parseClusterSimpleBlock(MatroskaStreamingFile.java:336) ~[lavaplayer-1.3.32.jar!/:na]
	at com.sedmelluq.discord.lavaplayer.container.matroska.MatroskaStreamingFile.parseNextCluster(MatroskaStreamingFile.java:321) ~[lavaplayer-1.3.32.jar!/:na]
	at com.sedmelluq.discord.lavaplayer.container.matroska.MatroskaStreamingFile.provideFrames(MatroskaStreamingFile.java:297) ~[lavaplayer-1.3.32.jar!/:na]
	at com.sedmelluq.discord.lavaplayer.container.matroska.MatroskaAudioTrack.lambda$process$0(MatroskaAudioTrack.java:40) ~[lavaplayer-1.3.32.jar!/:na]
	at com.sedmelluq.discord.lavaplayer.track.playback.LocalAudioTrackExecutor.executeProcessingLoop(LocalAudioTrackExecutor.java:262) ~[lavaplayer-1.3.32.jar!/:na]
	... 10 common frames omitted

2020-01-23 19:43:40.110  INFO 25619 --- [XNIO-1 task-10] l.server.io.HandshakeInterceptorImpl     : Incoming connection from /127.0.0.1:33586
2020-01-23 19:43:40.120  INFO 25619 --- [XNIO-1 task-10] c.s.d.l.tools.GarbageCollectionMonitor   : GC monitoring enabled, reporting results every 2 minutes.
2020-01-23 19:43:40.123  INFO 25619 --- [XNIO-1 task-10] lavalink.server.io.SocketServer          : Connection successfully established from /127.0.0.1:33586
2020-01-23 19:43:49.518  INFO 25619 --- [XNIO-1 I/O-2] lavalink.server.io.SocketServer          : {"op": "equalizer", "guildId": "644336990698995712", "bands": [{"band": 0, "gain": 0.0}, {"band": 1, "gain": 0.0}, {"band": 2, "gain": 0.0}, {"band": 3, "gain": 0.0}, {"band": 4, "gain": 0.0}, {"band": 5, "gain": 0.0}, {"band": 6, "gain": 0.0}, {"band": 7, "gain": 0.0}, {"band": 8, "gain": 0.0}, {"band": 9, "gain": 0.0}, {"band": 10, "gain": 0.0}, {"band": 11, "gain": 0.0}, {"band": 12, "gain": 0.0}, {"band": 13, "gain": 0.0}, {"band": 14, "gain": 0.0}]}
2020-01-23 19:43:49.518  INFO 25619 --- [XNIO-1 I/O-2] lavalink.server.io.SocketServer          : {"op": "volume", "guildId": "644336990698995712", "volume": 100}
2020-01-23 19:43:49.523  INFO 25619 --- [XNIO-1 task-11] l.server.player.AudioLoaderRestHandler   : GET /loadtracks
2020-01-23 19:43:49.673  INFO 25619 --- [XNIO-1 I/O-2] lavalink.server.io.SocketServer          : {"op": "voiceUpdate", "guildId": "644336990698995712", "sessionId": "6689889cc6bae87e87f42efc0d0813f3", "event": {"token": "386536ac3c63f79b", "guild_id": "644336990698995712", "endpoint": "us-west608.discord.media:80"}}
2020-01-23 19:43:50.178  INFO 25619 --- [lava-daemon-pool-info-loader-2-thread-1] lavalink.server.player.AudioLoader       : Loaded track Assassin’s Creed Revelations - The Complete Recordings OST
2020-01-23 19:43:50.381  INFO 25619 --- [XNIO-1 I/O-2] lavalink.server.io.SocketServer          : {"op": "play", "guildId": "644336990698995712", "track": "QAAAqwIAPEFzc2Fzc2lu4oCZcyBDcmVlZCBSZXZlbGF0aW9ucyAtIFRoZSBDb21wbGV0ZSBSZWNvcmRpbmdzIE9TVAAVVWJpc29mdCBNdXNpYyBVQklMT1VEAAAAAACTyAgAC3lWZ1gtYmZiT2FBAAEAK2h0dHBzOi8vd3d3LnlvdXR1YmUuY29tL3dhdGNoP3Y9eVZnWC1iZmJPYUEAB3lvdXR1YmUAAAAAAAAAAA==", "noReplace": false}
2020-01-23 20:55:51.293  INFO 25619 --- [parallel-2] s.n.m.impl.connections.AudioWebSocket    : Websocket to wss://us-west608.discord.media/?v=4 closed with code 4014 and reason Disconnected.
2020-01-23 20:55:51.294  INFO 25619 --- [parallel-2] s.n.m.impl.connections.AudioWebSocket    : Closing
2020-01-23 20:56:01.253  INFO 25619 --- [XNIO-1 I/O-2] lavalink.server.io.SocketServer          : Connection closed from /127.0.0.1:33586 -- CloseStatus[code=1006, reason=]
2020-01-23 20:56:01.253  INFO 25619 --- [XNIO-1 I/O-2] lavalink.server.io.SocketContext         : Shutting down 1 playing players.
2020-01-23 20:56:01.253  INFO 25619 --- [XNIO-1 I/O-2] c.s.d.l.tools.GarbageCollectionMonitor   : GC monitoring disabled.
2020-01-23 20:56:01.255  WARN 25619 --- [lava-daemon-pool-playback-9-thread-1] c.s.d.l.t.p.LocalAudioTrackExecutor      : Suspicious exception for playback of yVgX-bfbOaA

com.sedmelluq.discord.lavaplayer.tools.FriendlyException: The track was unexpectedly terminated.
	at com.sedmelluq.discord.lavaplayer.track.playback.LocalAudioTrackExecutor.handlePlaybackInterrupt(LocalAudioTrackExecutor.java:334) ~[lavaplayer-1.3.32.jar!/:na]
	at com.sedmelluq.discord.lavaplayer.track.playback.LocalAudioTrackExecutor.executeProcessingLoop(LocalAudioTrackExecutor.java:278) ~[lavaplayer-1.3.32.jar!/:na]
	at com.sedmelluq.discord.lavaplayer.track.playback.LocalAudioTrackExecutor.executeProcessingLoop(LocalAudioTrackExecutor.java:236) ~[lavaplayer-1.3.32.jar!/:na]
	at com.sedmelluq.discord.lavaplayer.container.matroska.MatroskaAudioTrack.process(MatroskaAudioTrack.java:39) ~[lavaplayer-1.3.32.jar!/:na]
	at com.sedmelluq.discord.lavaplayer.track.DelegatedAudioTrack.processDelegate(DelegatedAudioTrack.java:25) ~[lavaplayer-1.3.32.jar!/:na]
	at com.sedmelluq.discord.lavaplayer.source.youtube.YoutubeAudioTrack.processStatic(YoutubeAudioTrack.java:57) ~[lavaplayer-1.3.32.jar!/:na]
	at com.sedmelluq.discord.lavaplayer.source.youtube.YoutubeAudioTrack.process(YoutubeAudioTrack.java:49) ~[lavaplayer-1.3.32.jar!/:na]
	at com.sedmelluq.discord.lavaplayer.track.playback.LocalAudioTrackExecutor.execute(LocalAudioTrackExecutor.java:91) ~[lavaplayer-1.3.32.jar!/:na]
	at com.sedmelluq.discord.lavaplayer.player.DefaultAudioPlayerManager.lambda$executeTrack$1(DefaultAudioPlayerManager.java:349) ~[lavaplayer-1.3.32.jar!/:na]
	at java.base/java.util.concurrent.ThreadPoolExecutor.runWorker(ThreadPoolExecutor.java:1128) ~[na:na]
	at java.base/java.util.concurrent.ThreadPoolExecutor$Worker.run(ThreadPoolExecutor.java:628) ~[na:na]
	at java.base/java.lang.Thread.run(Thread.java:834) ~[na:na]
Caused by: java.lang.InterruptedException: null
	at java.base/java.util.concurrent.locks.AbstractQueuedSynchronizer$ConditionObject.reportInterruptAfterWait(AbstractQueuedSynchronizer.java:2056) ~[na:na]
	at java.base/java.util.concurrent.locks.AbstractQueuedSynchronizer$ConditionObject.await(AbstractQueuedSynchronizer.java:2090) ~[na:na]
	at java.base/java.util.concurrent.ArrayBlockingQueue.put(ArrayBlockingQueue.java:367) ~[na:na]
	at com.sedmelluq.discord.lavaplayer.track.playback.AllocatingAudioFrameBuffer.consume(AllocatingAudioFrameBuffer.java:179) ~[lavaplayer-1.3.32.jar!/:na]
	at com.sedmelluq.discord.lavaplayer.container.common.OpusPacketRouter.passThrough(OpusPacketRouter.java:169) ~[lavaplayer-1.3.32.jar!/:na]
	at com.sedmelluq.discord.lavaplayer.container.common.OpusPacketRouter.process(OpusPacketRouter.java:99) ~[lavaplayer-1.3.32.jar!/:na]
	at com.sedmelluq.discord.lavaplayer.container.matroska.MatroskaOpusTrackConsumer.consume(MatroskaOpusTrackConsumer.java:47) ~[lavaplayer-1.3.32.jar!/:na]
	at com.sedmelluq.discord.lavaplayer.container.matroska.MatroskaStreamingFile.processFrameInBlock(MatroskaStreamingFile.java:372) ~[lavaplayer-1.3.32.jar!/:na]
	at com.sedmelluq.discord.lavaplayer.container.matroska.MatroskaStreamingFile.parseClusterSimpleBlock(MatroskaStreamingFile.java:336) ~[lavaplayer-1.3.32.jar!/:na]
	at com.sedmelluq.discord.lavaplayer.container.matroska.MatroskaStreamingFile.parseNextCluster(MatroskaStreamingFile.java:321) ~[lavaplayer-1.3.32.jar!/:na]
	at com.sedmelluq.discord.lavaplayer.container.matroska.MatroskaStreamingFile.provideFrames(MatroskaStreamingFile.java:297) ~[lavaplayer-1.3.32.jar!/:na]
	at com.sedmelluq.discord.lavaplayer.container.matroska.MatroskaAudioTrack.lambda$process$0(MatroskaAudioTrack.java:40) ~[lavaplayer-1.3.32.jar!/:na]
	at com.sedmelluq.discord.lavaplayer.track.playback.LocalAudioTrackExecutor.executeProcessingLoop(LocalAudioTrackExecutor.java:262) ~[lavaplayer-1.3.32.jar!/:na]
	... 10 common frames omitted

2020-01-23 20:56:08.164  INFO 25619 --- [Thread-1] o.s.s.concurrent.ThreadPoolTaskExecutor  : Shutting down ExecutorService 'applicationTaskExecutor'
2020-01-23 20:56:08.165  INFO 25619 --- [Thread-1] c.s.d.l.tools.GarbageCollectionMonitor   : GC monitoring disabled.
2020-01-23 20:56:08.174  INFO 25619 --- [Thread-1] io.undertow.servlet                      : Destroying Spring FrameworkServlet 'dispatcherServlet'
