2020-04-29 21:24:17,564:INFO:discord.client: logging in using static token
2020-04-29 21:24:18,125:INFO:discord.gateway: Created websocket connected to wss://gateway.discord.gg?encoding=json&v=6&compress=zlib-stream
2020-04-29 21:24:18,128:INFO:discord.gateway: Shard ID None has sent the IDENTIFY payload.
2020-04-29 21:24:18,297:INFO:discord.gateway: Shard ID None has connected to Gateway: ["gateway-prd-main-bgx4",{"micros":70894,"calls":["discord-sessions-prd-1-30",{"micros":68008,"calls":["start_session",{"micros":61466,"calls":["api-prd-main-us-east1-r8kn",{"micros":55079,"calls":["get_user",{"micros":4795},"add_authorized_ip",{"micros":7981},"get_guilds",{"micros":3752},"coros_wait",{"micros":1}]}]},"guilds_connect",{"micros":16,"calls":[]},"presence_connect",{"micros":1,"calls":[]}]}]}] (Session ID: 3fe42fe66a9adf8f164ce60194324fb6).
2020-04-30 00:57:41,068:INFO:discord.gateway: Received RECONNECT opcode.
2020-04-30 00:57:41,163:INFO:discord.client: Got a request to RESUME the websocket.
2020-04-30 00:57:41,546:INFO:discord.gateway: Created websocket connected to wss://gateway.discord.gg?encoding=json&v=6&compress=zlib-stream
2020-04-30 00:57:41,548:INFO:discord.gateway: Shard ID None has sent the RESUME payload.
2020-04-30 00:57:41,641:INFO:discord.gateway: Shard ID None has successfully RESUMED session 3fe42fe66a9adf8f164ce60194324fb6 under trace ["gateway-prd-main-zk69",{"micros":5986,"calls":["discord-sessions-prd-1-30",{"micros":17}]}].
2020-04-30 01:49:20,854:INFO:discord.gateway: Received RECONNECT opcode.
2020-04-30 01:49:20,952:INFO:discord.client: Got a request to RESUME the websocket.
2020-04-30 01:49:21,298:INFO:discord.gateway: Created websocket connected to wss://gateway.discord.gg?encoding=json&v=6&compress=zlib-stream
2020-04-30 01:49:21,299:INFO:discord.gateway: Shard ID None has sent the RESUME payload.
2020-04-30 01:49:21,382:INFO:discord.gateway: Shard ID None has successfully RESUMED session 3fe42fe66a9adf8f164ce60194324fb6 under trace ["gateway-prd-main-gr7p",{"micros":941,"calls":["discord-sessions-prd-1-30",{"micros":17}]}].
2020-04-30 02:34:58,984:INFO:discord.gateway: Received RECONNECT opcode.
2020-04-30 02:34:59,079:INFO:discord.client: Got a request to RESUME the websocket.
2020-04-30 02:34:59,423:INFO:discord.gateway: Created websocket connected to wss://gateway.discord.gg?encoding=json&v=6&compress=zlib-stream
2020-04-30 02:34:59,428:INFO:discord.gateway: Shard ID None has sent the RESUME payload.
2020-04-30 02:34:59,523:INFO:discord.gateway: Shard ID None has successfully RESUMED session 3fe42fe66a9adf8f164ce60194324fb6 under trace ["gateway-prd-main-0x12",{"micros":3633,"calls":["discord-sessions-prd-1-30",{"micros":27}]}].
2020-04-30 05:32:49,504:INFO:discord.gateway: Received RECONNECT opcode.
2020-04-30 05:32:49,604:INFO:discord.client: Got a request to RESUME the websocket.
2020-04-30 05:32:49,983:INFO:discord.gateway: Created websocket connected to wss://gateway.discord.gg?encoding=json&v=6&compress=zlib-stream
2020-04-30 05:32:49,985:INFO:discord.gateway: Shard ID None has sent the RESUME payload.
2020-04-30 05:32:50,080:INFO:discord.gateway: Shard ID None has successfully RESUMED session 3fe42fe66a9adf8f164ce60194324fb6 under trace ["gateway-prd-main-7bdd",{"micros":1378,"calls":["discord-sessions-prd-1-30",{"micros":18}]}].
2020-04-30 07:31:58,341:INFO:discord.gateway: Received RECONNECT opcode.
2020-04-30 07:31:58,434:INFO:discord.client: Got a request to RESUME the websocket.
2020-04-30 07:31:58,760:INFO:discord.gateway: Created websocket connected to wss://gateway.discord.gg?encoding=json&v=6&compress=zlib-stream
2020-04-30 07:31:58,762:INFO:discord.gateway: Shard ID None has sent the RESUME payload.
2020-04-30 07:31:58,856:INFO:discord.gateway: Shard ID None has successfully RESUMED session 3fe42fe66a9adf8f164ce60194324fb6 under trace ["gateway-prd-main-kg8p",{"micros":4102,"calls":["discord-sessions-prd-1-30",{"micros":17}]}].
2020-04-30 09:09:05,803:INFO:discord.gateway: Received RECONNECT opcode.
2020-04-30 09:09:05,917:INFO:discord.client: Got a request to RESUME the websocket.
2020-04-30 09:09:06,327:INFO:discord.gateway: Created websocket connected to wss://gateway.discord.gg?encoding=json&v=6&compress=zlib-stream
2020-04-30 09:09:06,328:INFO:discord.gateway: Shard ID None has sent the RESUME payload.
2020-04-30 09:09:06,420:INFO:discord.gateway: Shard ID None has successfully RESUMED session 3fe42fe66a9adf8f164ce60194324fb6 under trace ["gateway-prd-main-zn2t",{"micros":4763,"calls":["discord-sessions-prd-1-30",{"micros":21}]}].
2020-04-30 11:26:14,249:INFO:discord.gateway: Received RECONNECT opcode.
2020-04-30 11:26:14,354:INFO:discord.client: Got a request to RESUME the websocket.
2020-04-30 11:26:14,725:INFO:discord.gateway: Created websocket connected to wss://gateway.discord.gg?encoding=json&v=6&compress=zlib-stream
2020-04-30 11:26:14,726:INFO:discord.gateway: Shard ID None has sent the RESUME payload.
2020-04-30 11:26:14,816:INFO:discord.gateway: Shard ID None has successfully RESUMED session 3fe42fe66a9adf8f164ce60194324fb6 under trace ["gateway-prd-main-69l9",{"micros":670,"calls":["discord-sessions-prd-1-30",{"micros":16}]}].
2020-04-30 12:14:59,774:INFO:discord.gateway: Websocket closed with 1006 (), attempting a reconnect.
2020-04-30 12:14:59,774:INFO:discord.client: Got a request to RESUME the websocket.
2020-04-30 12:15:00,202:INFO:discord.gateway: Created websocket connected to wss://gateway.discord.gg?encoding=json&v=6&compress=zlib-stream
2020-04-30 12:15:00,203:INFO:discord.gateway: Shard ID None has sent the RESUME payload.
2020-04-30 12:15:00,305:INFO:discord.gateway: Shard ID None has successfully RESUMED session 3fe42fe66a9adf8f164ce60194324fb6 under trace ["gateway-prd-main-rtp1",{"micros":4086,"calls":["discord-sessions-prd-1-30",{"micros":19}]}].
2020-04-30 12:15:44,804:WARNING:discord.gateway: Shard ID None has stopped responding to the gateway. Closing and restarting.
2020-04-30 15:04:22,123:INFO:discord.gateway: Received RECONNECT opcode.
2020-04-30 15:04:22,220:INFO:discord.client: Got a request to RESUME the websocket.
2020-04-30 15:04:22,574:INFO:discord.gateway: Created websocket connected to wss://gateway.discord.gg?encoding=json&v=6&compress=zlib-stream
2020-04-30 15:04:22,576:INFO:discord.gateway: Shard ID None has sent the RESUME payload.
2020-04-30 15:04:22,673:INFO:discord.gateway: Shard ID None has successfully RESUMED session 3fe42fe66a9adf8f164ce60194324fb6 under trace ["gateway-prd-main-8m94",{"micros":4655,"calls":["discord-sessions-prd-1-30",{"micros":20}]}].
